{"uid":"2fbf594abf79070b","name":"test_CredKart_Login_params_003[data_for_login2]","fullName":"TestCases.test_Login_params.Test_CredKart_Login_params#test_CredKart_Login_params_003","historyId":"049434f3e12c0a35238e01e3ed2599b3","time":{"start":1691831862633,"stop":1691831869656,"duration":7023},"status":"failed","statusMessage":"AssertionError: assert False","statusTrace":"self = <TestCases.test_Login_params.Test_CredKart_Login_params object at 0x000002454A14D090>\nsetup = <selenium.webdriver.chrome.webdriver.WebDriver (session=\"1d4d00607502b3ff19bb2bb8d85132d8\")>\ndata_for_login = ('Credenrcetest@test.com', 'Credence@123')\n\n    def test_CredKart_Login_params_003(self, setup, data_for_login):\n        self.driver = setup\n        self.driver.get(\"https://automation.credence.in/login\")\n        self.driver.find_element(By.XPATH, \"//input[@name='email']\").send_keys(data_for_login[0])\n        self.driver.find_element(By.CSS_SELECTOR, \"input[id='password']\").send_keys(data_for_login[1])\n        self.driver.find_element(By.XPATH, \"//button[@type='submit']\").click()\n        try:\n>           self.driver.find_element(By.XPATH, \"//h2[normalize-space()='CredKart']\")\n\nTestCases\\test_Login_params.py:13: \n_ _ _ _ _ _ _ _ _ _ _ _ _ _ _ _ _ _ _ _ _ _ _ _ _ _ _ _ _ _ _ _ _ _ _ _ _ _ _ _\nC:\\Users\\nomul\\AppData\\Local\\Programs\\Python\\Python311\\Lib\\site-packages\\selenium\\webdriver\\remote\\webdriver.py:739: in find_element\n    return self.execute(Command.FIND_ELEMENT, {\"using\": by, \"value\": value})[\"value\"]\nC:\\Users\\nomul\\AppData\\Local\\Programs\\Python\\Python311\\Lib\\site-packages\\selenium\\webdriver\\remote\\webdriver.py:345: in execute\n    self.error_handler.check_response(response)\n_ _ _ _ _ _ _ _ _ _ _ _ _ _ _ _ _ _ _ _ _ _ _ _ _ _ _ _ _ _ _ _ _ _ _ _ _ _ _ _\n\nself = <selenium.webdriver.remote.errorhandler.ErrorHandler object at 0x00000245488EFF90>\nresponse = {'status': 404, 'value': '{\"value\":{\"error\":\"no such element\",\"message\":\"no such element: Unable to locate element: {\\...07FF6E56F4C33]\\\\n\\\\tBaseThreadInitThunk [0x00007FFBFE827614+20]\\\\n\\\\tRtlUserThreadStart [0x00007FFBFF3626B1+33]\\\\n\"}}'}\n\n    def check_response(self, response: Dict[str, Any]) -> None:\n        \"\"\"Checks that a JSON response from the WebDriver does not have an\n        error.\n    \n        :Args:\n         - response - The JSON response from the WebDriver server as a dictionary\n           object.\n    \n        :Raises: If the response contains an error message.\n        \"\"\"\n        status = response.get(\"status\", None)\n        if not status or status == ErrorCode.SUCCESS:\n            return\n        value = None\n        message = response.get(\"message\", \"\")\n        screen: str = response.get(\"screen\", \"\")\n        stacktrace = None\n        if isinstance(status, int):\n            value_json = response.get(\"value\", None)\n            if value_json and isinstance(value_json, str):\n                import json\n    \n                try:\n                    value = json.loads(value_json)\n                    if len(value) == 1:\n                        value = value[\"value\"]\n                    status = value.get(\"error\", None)\n                    if not status:\n                        status = value.get(\"status\", ErrorCode.UNKNOWN_ERROR)\n                        message = value.get(\"value\") or value.get(\"message\")\n                        if not isinstance(message, str):\n                            value = message\n                            message = message.get(\"message\")\n                    else:\n                        message = value.get(\"message\", None)\n                except ValueError:\n                    pass\n    \n        exception_class: Type[WebDriverException]\n        e = ErrorCode()\n        error_codes = [item for item in dir(e) if not item.startswith(\"__\")]\n        for error_code in error_codes:\n            error_info = getattr(ErrorCode, error_code)\n            if isinstance(error_info, list) and status in error_info:\n                exception_class = getattr(ExceptionMapping, error_code, WebDriverException)\n                break\n        else:\n            exception_class = WebDriverException\n    \n        if not value:\n            value = response[\"value\"]\n        if isinstance(value, str):\n            raise exception_class(value)\n        if message == \"\" and \"message\" in value:\n            message = value[\"message\"]\n    \n        screen = None  # type: ignore[assignment]\n        if \"screen\" in value:\n            screen = value[\"screen\"]\n    \n        stacktrace = None\n        st_value = value.get(\"stackTrace\") or value.get(\"stacktrace\")\n        if st_value:\n            if isinstance(st_value, str):\n                stacktrace = st_value.split(\"\\n\")\n            else:\n                stacktrace = []\n                try:\n                    for frame in st_value:\n                        line = frame.get(\"lineNumber\", \"\")\n                        file = frame.get(\"fileName\", \"<anonymous>\")\n                        if line:\n                            file = f\"{file}:{line}\"\n                        meth = frame.get(\"methodName\", \"<anonymous>\")\n                        if \"className\" in frame:\n                            meth = f\"{frame['className']}.{meth}\"\n                        msg = \"    at %s (%s)\"\n                        msg = msg % (meth, file)\n                        stacktrace.append(msg)\n                except TypeError:\n                    pass\n        if exception_class == UnexpectedAlertPresentException:\n            alert_text = None\n            if \"data\" in value:\n                alert_text = value[\"data\"].get(\"text\")\n            elif \"alert\" in value:\n                alert_text = value[\"alert\"].get(\"text\")\n            raise exception_class(message, screen, stacktrace, alert_text)  # type: ignore[call-arg]  # mypy is not smart enough here\n>       raise exception_class(message, screen, stacktrace)\nE       selenium.common.exceptions.NoSuchElementException: Message: no such element: Unable to locate element: {\"method\":\"xpath\",\"selector\":\"//h2[normalize-space()='CredKart']\"}\nE         (Session info: headless chrome=115.0.5790.171); For documentation on this error, please visit: https://www.selenium.dev/documentation/webdriver/troubleshooting/errors#no-such-element-exception\nE       Stacktrace:\nE       Backtrace:\nE       \tGetHandleVerifier [0x00007FF6E5784A62+57106]\nE       \t(No symbol) [0x00007FF6E56FCF52]\nE       \t(No symbol) [0x00007FF6E55CE2CB]\nE       \t(No symbol) [0x00007FF6E560786E]\nE       \t(No symbol) [0x00007FF6E560795C]\nE       \t(No symbol) [0x00007FF6E5640477]\nE       \t(No symbol) [0x00007FF6E56269FF]\nE       \t(No symbol) [0x00007FF6E563E522]\nE       \t(No symbol) [0x00007FF6E5626793]\nE       \t(No symbol) [0x00007FF6E55FCE81]\nE       \t(No symbol) [0x00007FF6E55FE064]\nE       \tGetHandleVerifier [0x00007FF6E5A34222+2873042]\nE       \tGetHandleVerifier [0x00007FF6E5A86590+3209792]\nE       \tGetHandleVerifier [0x00007FF6E5A7F3AF+3180639]\nE       \tGetHandleVerifier [0x00007FF6E5815F25+652245]\nE       \t(No symbol) [0x00007FF6E5708618]\nE       \t(No symbol) [0x00007FF6E57047C4]\nE       \t(No symbol) [0x00007FF6E57048BC]\nE       \t(No symbol) [0x00007FF6E56F4C33]\nE       \tBaseThreadInitThunk [0x00007FFBFE827614+20]\nE       \tRtlUserThreadStart [0x00007FFBFF3626B1+33]\n\nC:\\Users\\nomul\\AppData\\Local\\Programs\\Python\\Python311\\Lib\\site-packages\\selenium\\webdriver\\remote\\errorhandler.py:229: NoSuchElementException\n\nDuring handling of the above exception, another exception occurred:\n\nself = <TestCases.test_Login_params.Test_CredKart_Login_params object at 0x000002454A14D090>\nsetup = <selenium.webdriver.chrome.webdriver.WebDriver (session=\"1d4d00607502b3ff19bb2bb8d85132d8\")>\ndata_for_login = ('Credenrcetest@test.com', 'Credence@123')\n\n    def test_CredKart_Login_params_003(self, setup, data_for_login):\n        self.driver = setup\n        self.driver.get(\"https://automation.credence.in/login\")\n        self.driver.find_element(By.XPATH, \"//input[@name='email']\").send_keys(data_for_login[0])\n        self.driver.find_element(By.CSS_SELECTOR, \"input[id='password']\").send_keys(data_for_login[1])\n        self.driver.find_element(By.XPATH, \"//button[@type='submit']\").click()\n        try:\n            self.driver.find_element(By.XPATH, \"//h2[normalize-space()='CredKart']\")\n            self.driver.save_screenshot(\".\\\\Screenshots\\\\\" + data_for_login[0] + \"_\" + data_for_login[1] + \"_\" + \"test_CredKart_Login_002_Pass.PNG\")\n            print('Login TestCase is Passed')\n            self.driver.close()\n            assert True\n        except:\n            print('Login TestCase is Failed')\n            self.driver.save_screenshot(\".\\\\Screenshots\\\\\" + data_for_login[0] + \"_\" + data_for_login[1] + \"_\" + \"test_CredKart_Login_002_fail.PNG\")\n            self.driver.close()\n>           assert False\nE           assert False\n\nTestCases\\test_Login_params.py:22: AssertionError","flaky":false,"newFailed":false,"newBroken":false,"newPassed":false,"retriesCount":16,"retriesStatusChange":false,"beforeStages":[{"name":"browser","time":{"start":1691831851843,"stop":1691831851843,"duration":0},"status":"passed","steps":[],"attachments":[],"parameters":[],"shouldDisplayMessage":false,"attachmentsCount":0,"hasContent":false,"stepsCount":0},{"name":"setup","time":{"start":1691831851844,"stop":1691831862630,"duration":10786},"status":"passed","steps":[],"attachments":[],"parameters":[],"shouldDisplayMessage":false,"attachmentsCount":0,"hasContent":false,"stepsCount":0},{"name":"data_for_login","time":{"start":1691831862631,"stop":1691831862631,"duration":0},"status":"passed","steps":[],"attachments":[],"parameters":[],"shouldDisplayMessage":false,"attachmentsCount":0,"hasContent":false,"stepsCount":0}],"afterStages":[],"labels":[{"name":"parentSuite","value":"TestCases"},{"name":"suite","value":"test_Login_params"},{"name":"subSuite","value":"Test_CredKart_Login_params"},{"name":"host","value":"LAPTOP-1DT8TVKR"},{"name":"thread","value":"21696-MainThread"},{"name":"framework","value":"pytest"},{"name":"language","value":"cpython3"},{"name":"package","value":"TestCases.test_Login_params"},{"name":"resultFormat","value":"allure2"}],"parameters":[{"name":"data_for_login","value":"('Credenrcetest@test.com', 'Credence@123')"}],"links":[],"hidden":false,"retry":false,"extra":{"severity":"normal","retries":[{"uid":"d368637815f52f4e","status":"failed","statusDetails":"AssertionError: assert False","time":{"start":1691831589956,"stop":1691831597008,"duration":7052}},{"uid":"fc39fcec4022da77","status":"failed","statusDetails":"AssertionError: assert False","time":{"start":1691831377865,"stop":1691831384985,"duration":7120}},{"uid":"e2ee575300b4a3cd","status":"failed","statusDetails":"AssertionError: assert False","time":{"start":1691830195515,"stop":1691830217787,"duration":22272}},{"uid":"13929ff06848dea6","status":"failed","statusDetails":"AssertionError: assert False","time":{"start":1691829892437,"stop":1691829941360,"duration":48923}},{"uid":"cdb758e7f718b0d3","status":"failed","statusDetails":"AssertionError: assert False","time":{"start":1691829775156,"stop":1691829809614,"duration":34458}},{"uid":"99a265dfecf949f9","status":"failed","statusDetails":"AssertionError: assert False","time":{"start":1691829568756,"stop":1691829578705,"duration":9949}},{"uid":"6f6bfbb5bbbc9eea","status":"failed","statusDetails":"AssertionError: assert False","time":{"start":1691828942374,"stop":1691828957911,"duration":15537}},{"uid":"bbc7ffbad9ecbbe4","status":"failed","statusDetails":"AssertionError: assert False","time":{"start":1691828747721,"stop":1691828761635,"duration":13914}},{"uid":"9ee96c904cedc5f0","status":"failed","statusDetails":"AssertionError: assert False","time":{"start":1691828008615,"stop":1691828015991,"duration":7376}},{"uid":"97ae8d886a3a6ec0","status":"failed","statusDetails":"AssertionError: assert False","time":{"start":1691827782453,"stop":1691827793189,"duration":10736}},{"uid":"122f99fd6c6dce13","status":"failed","statusDetails":"AssertionError: assert False","time":{"start":1691827566359,"stop":1691827569705,"duration":3346}},{"uid":"4ea20a9df4d4a294","status":"failed","statusDetails":"AssertionError: assert False","time":{"start":1691823393603,"stop":1691823401525,"duration":7922}},{"uid":"dbcc7ad4c0816ed5","status":"failed","statusDetails":"AssertionError: assert False","time":{"start":1691821020614,"stop":1691821037807,"duration":17193}},{"uid":"2d03ed9ec77e326e","status":"failed","statusDetails":"AssertionError: assert False","time":{"start":1691820848906,"stop":1691820863558,"duration":14652}},{"uid":"23d805afbe159d6f","status":"failed","statusDetails":"AssertionError: assert False","time":{"start":1691816739148,"stop":1691816756332,"duration":17184}},{"uid":"aa0106462072f4aa","status":"failed","statusDetails":"AssertionError: assert False","time":{"start":1691816394455,"stop":1691816414361,"duration":19906}}],"categories":[{"name":"Product defects","matchedStatuses":[],"flaky":false}],"history":{"statistic":{"failed":3,"broken":0,"skipped":0,"passed":0,"unknown":0,"total":3},"items":[{"uid":"7e48d5be096ee22f","reportUrl":"http://localhost:8080/job/pytest_framework_2/2/allure/#testresult/7e48d5be096ee22f","status":"failed","statusDetails":"AssertionError: assert False","time":{"start":1691823393603,"stop":1691823401525,"duration":7922}},{"uid":"d9189998c2705e45","reportUrl":"http://localhost:8080/job/pytest_framework_2/1/allure/#testresult/d9189998c2705e45","status":"failed","statusDetails":"AssertionError: assert False","time":{"start":1691823393603,"stop":1691823401525,"duration":7922}}]},"tags":[]},"source":"2fbf594abf79070b.json","parameterValues":["('Credenrcetest@test.com', 'Credence@123')"]}