{"uid":"703d7b1b4e9c6fb1","name":"test_CredKart_Login_params_003[data_for_login3]","fullName":"TestCases.test_Login_params.Test_CredKart_Login_params#test_CredKart_Login_params_003","historyId":"d6514f178bec2c6188645a746759aeba","time":{"start":1691827568367,"stop":1691827570579,"duration":2212},"status":"failed","statusMessage":"AssertionError: assert False","statusTrace":"self = <TestCases.test_Login_params.Test_CredKart_Login_params object at 0x000001B7E5A431D0>\nsetup = <selenium.webdriver.chrome.webdriver.WebDriver (session=\"519d3e2d4dffa509ea002fcd40407266\")>\ndata_for_login = ('Credencetst@test.com', 'Credence@126')\n\n    def test_CredKart_Login_params_003(self, setup, data_for_login):\n        self.driver = setup\n        self.driver.get(\"https://automation.credence.in/login\")\n        self.driver.find_element(By.XPATH, \"//input[@name='email']\").send_keys(data_for_login[0])\n        self.driver.find_element(By.CSS_SELECTOR, \"input[id='password']\").send_keys(data_for_login[1])\n        self.driver.find_element(By.XPATH, \"//button[@type='submit']\").click()\n        try:\n>           self.driver.find_element(By.XPATH, \"//h2[normalize-space()='CredKart']\")\n\nTestCases\\test_Login_params.py:13: \n_ _ _ _ _ _ _ _ _ _ _ _ _ _ _ _ _ _ _ _ _ _ _ _ _ _ _ _ _ _ _ _ _ _ _ _ _ _ _ _\nC:\\Users\\nomul\\AppData\\Local\\Programs\\Python\\Python311\\Lib\\site-packages\\selenium\\webdriver\\remote\\webdriver.py:739: in find_element\n    return self.execute(Command.FIND_ELEMENT, {\"using\": by, \"value\": value})[\"value\"]\nC:\\Users\\nomul\\AppData\\Local\\Programs\\Python\\Python311\\Lib\\site-packages\\selenium\\webdriver\\remote\\webdriver.py:345: in execute\n    self.error_handler.check_response(response)\n_ _ _ _ _ _ _ _ _ _ _ _ _ _ _ _ _ _ _ _ _ _ _ _ _ _ _ _ _ _ _ _ _ _ _ _ _ _ _ _\n\nself = <selenium.webdriver.remote.errorhandler.ErrorHandler object at 0x000001B7E5F35350>\nresponse = {'status': 404, 'value': '{\"value\":{\"error\":\"no such element\",\"message\":\"no such element: Unable to locate element: {\\...07FF767D04C33]\\\\n\\\\tBaseThreadInitThunk [0x00007FFBFE827614+20]\\\\n\\\\tRtlUserThreadStart [0x00007FFBFF3626B1+33]\\\\n\"}}'}\n\n    def check_response(self, response: Dict[str, Any]) -> None:\n        \"\"\"Checks that a JSON response from the WebDriver does not have an\n        error.\n    \n        :Args:\n         - response - The JSON response from the WebDriver server as a dictionary\n           object.\n    \n        :Raises: If the response contains an error message.\n        \"\"\"\n        status = response.get(\"status\", None)\n        if not status or status == ErrorCode.SUCCESS:\n            return\n        value = None\n        message = response.get(\"message\", \"\")\n        screen: str = response.get(\"screen\", \"\")\n        stacktrace = None\n        if isinstance(status, int):\n            value_json = response.get(\"value\", None)\n            if value_json and isinstance(value_json, str):\n                import json\n    \n                try:\n                    value = json.loads(value_json)\n                    if len(value) == 1:\n                        value = value[\"value\"]\n                    status = value.get(\"error\", None)\n                    if not status:\n                        status = value.get(\"status\", ErrorCode.UNKNOWN_ERROR)\n                        message = value.get(\"value\") or value.get(\"message\")\n                        if not isinstance(message, str):\n                            value = message\n                            message = message.get(\"message\")\n                    else:\n                        message = value.get(\"message\", None)\n                except ValueError:\n                    pass\n    \n        exception_class: Type[WebDriverException]\n        e = ErrorCode()\n        error_codes = [item for item in dir(e) if not item.startswith(\"__\")]\n        for error_code in error_codes:\n            error_info = getattr(ErrorCode, error_code)\n            if isinstance(error_info, list) and status in error_info:\n                exception_class = getattr(ExceptionMapping, error_code, WebDriverException)\n                break\n        else:\n            exception_class = WebDriverException\n    \n        if not value:\n            value = response[\"value\"]\n        if isinstance(value, str):\n            raise exception_class(value)\n        if message == \"\" and \"message\" in value:\n            message = value[\"message\"]\n    \n        screen = None  # type: ignore[assignment]\n        if \"screen\" in value:\n            screen = value[\"screen\"]\n    \n        stacktrace = None\n        st_value = value.get(\"stackTrace\") or value.get(\"stacktrace\")\n        if st_value:\n            if isinstance(st_value, str):\n                stacktrace = st_value.split(\"\\n\")\n            else:\n                stacktrace = []\n                try:\n                    for frame in st_value:\n                        line = frame.get(\"lineNumber\", \"\")\n                        file = frame.get(\"fileName\", \"<anonymous>\")\n                        if line:\n                            file = f\"{file}:{line}\"\n                        meth = frame.get(\"methodName\", \"<anonymous>\")\n                        if \"className\" in frame:\n                            meth = f\"{frame['className']}.{meth}\"\n                        msg = \"    at %s (%s)\"\n                        msg = msg % (meth, file)\n                        stacktrace.append(msg)\n                except TypeError:\n                    pass\n        if exception_class == UnexpectedAlertPresentException:\n            alert_text = None\n            if \"data\" in value:\n                alert_text = value[\"data\"].get(\"text\")\n            elif \"alert\" in value:\n                alert_text = value[\"alert\"].get(\"text\")\n            raise exception_class(message, screen, stacktrace, alert_text)  # type: ignore[call-arg]  # mypy is not smart enough here\n>       raise exception_class(message, screen, stacktrace)\nE       selenium.common.exceptions.NoSuchElementException: Message: no such element: Unable to locate element: {\"method\":\"xpath\",\"selector\":\"//h2[normalize-space()='CredKart']\"}\nE         (Session info: headless chrome=115.0.5790.171); For documentation on this error, please visit: https://www.selenium.dev/documentation/webdriver/troubleshooting/errors#no-such-element-exception\nE       Stacktrace:\nE       Backtrace:\nE       \tGetHandleVerifier [0x00007FF767D94A62+57106]\nE       \t(No symbol) [0x00007FF767D0CF52]\nE       \t(No symbol) [0x00007FF767BDE2CB]\nE       \t(No symbol) [0x00007FF767C1786E]\nE       \t(No symbol) [0x00007FF767C1795C]\nE       \t(No symbol) [0x00007FF767C50477]\nE       \t(No symbol) [0x00007FF767C369FF]\nE       \t(No symbol) [0x00007FF767C4E522]\nE       \t(No symbol) [0x00007FF767C36793]\nE       \t(No symbol) [0x00007FF767C0CE81]\nE       \t(No symbol) [0x00007FF767C0E064]\nE       \tGetHandleVerifier [0x00007FF768044222+2873042]\nE       \tGetHandleVerifier [0x00007FF768096590+3209792]\nE       \tGetHandleVerifier [0x00007FF76808F3AF+3180639]\nE       \tGetHandleVerifier [0x00007FF767E25F25+652245]\nE       \t(No symbol) [0x00007FF767D18618]\nE       \t(No symbol) [0x00007FF767D147C4]\nE       \t(No symbol) [0x00007FF767D148BC]\nE       \t(No symbol) [0x00007FF767D04C33]\nE       \tBaseThreadInitThunk [0x00007FFBFE827614+20]\nE       \tRtlUserThreadStart [0x00007FFBFF3626B1+33]\n\nC:\\Users\\nomul\\AppData\\Local\\Programs\\Python\\Python311\\Lib\\site-packages\\selenium\\webdriver\\remote\\errorhandler.py:229: NoSuchElementException\n\nDuring handling of the above exception, another exception occurred:\n\nself = <TestCases.test_Login_params.Test_CredKart_Login_params object at 0x000001B7E5A431D0>\nsetup = <selenium.webdriver.chrome.webdriver.WebDriver (session=\"519d3e2d4dffa509ea002fcd40407266\")>\ndata_for_login = ('Credencetst@test.com', 'Credence@126')\n\n    def test_CredKart_Login_params_003(self, setup, data_for_login):\n        self.driver = setup\n        self.driver.get(\"https://automation.credence.in/login\")\n        self.driver.find_element(By.XPATH, \"//input[@name='email']\").send_keys(data_for_login[0])\n        self.driver.find_element(By.CSS_SELECTOR, \"input[id='password']\").send_keys(data_for_login[1])\n        self.driver.find_element(By.XPATH, \"//button[@type='submit']\").click()\n        try:\n            self.driver.find_element(By.XPATH, \"//h2[normalize-space()='CredKart']\")\n            self.driver.save_screenshot(\".\\\\Screenshots\\\\\" + data_for_login[0] + \"_\" + data_for_login[1] + \"_\" + \"test_CredKart_Login_002_Pass.PNG\")\n            print('Login TestCase is Passed')\n            self.driver.close()\n            assert True\n        except:\n            print('Login TestCase is Failed')\n            self.driver.save_screenshot(\".\\\\Screenshots\\\\\" + data_for_login[0] + \"_\" + data_for_login[1] + \"_\" + \"test_CredKart_Login_002_fail.PNG\")\n            self.driver.close()\n>           assert False\nE           assert False\n\nTestCases\\test_Login_params.py:22: AssertionError","flaky":false,"newFailed":false,"newBroken":false,"newPassed":false,"retriesCount":0,"retriesStatusChange":false,"beforeStages":[{"name":"setup","time":{"start":1691827566069,"stop":1691827568366,"duration":2297},"status":"passed","steps":[],"attachments":[],"parameters":[],"shouldDisplayMessage":false,"attachmentsCount":0,"hasContent":false,"stepsCount":0},{"name":"browser","time":{"start":1691827566069,"stop":1691827566069,"duration":0},"status":"passed","steps":[],"attachments":[],"parameters":[],"shouldDisplayMessage":false,"attachmentsCount":0,"hasContent":false,"stepsCount":0},{"name":"data_for_login","time":{"start":1691827568366,"stop":1691827568366,"duration":0},"status":"passed","steps":[],"attachments":[],"parameters":[],"shouldDisplayMessage":false,"attachmentsCount":0,"hasContent":false,"stepsCount":0}],"afterStages":[],"labels":[{"name":"parentSuite","value":"TestCases"},{"name":"suite","value":"test_Login_params"},{"name":"subSuite","value":"Test_CredKart_Login_params"},{"name":"host","value":"LAPTOP-1DT8TVKR"},{"name":"thread","value":"9364-MainThread"},{"name":"framework","value":"pytest"},{"name":"language","value":"cpython3"},{"name":"package","value":"TestCases.test_Login_params"},{"name":"resultFormat","value":"allure2"}],"parameters":[{"name":"data_for_login","value":"('Credencetst@test.com', 'Credence@126')"}],"links":[],"hidden":true,"retry":true,"extra":{"categories":[],"tags":[]},"source":"703d7b1b4e9c6fb1.json","parameterValues":["('Credencetst@test.com', 'Credence@126')"]}