{"uid":"daa72eae81d8410","name":"test_CredKart_Login_params_003[data_for_login1]","fullName":"TestCases.test_Login_params.Test_CredKart_Login_params#test_CredKart_Login_params_003","historyId":"c6732d79a69e9b22daac4d4f10e2eac1","time":{"start":1691831862313,"stop":1691831870200,"duration":7887},"status":"failed","statusMessage":"AssertionError: assert False","statusTrace":"self = <TestCases.test_Login_params.Test_CredKart_Login_params object at 0x000002779192CDD0>\nsetup = <selenium.webdriver.chrome.webdriver.WebDriver (session=\"c3e000dcadc03969e2f39cfaae712d7c\")>\ndata_for_login = ('Credencetest@test.com', 'Credence@124')\n\n    def test_CredKart_Login_params_003(self, setup, data_for_login):\n        self.driver = setup\n        self.driver.get(\"https://automation.credence.in/login\")\n        self.driver.find_element(By.XPATH, \"//input[@name='email']\").send_keys(data_for_login[0])\n        self.driver.find_element(By.CSS_SELECTOR, \"input[id='password']\").send_keys(data_for_login[1])\n        self.driver.find_element(By.XPATH, \"//button[@type='submit']\").click()\n        try:\n>           self.driver.find_element(By.XPATH, \"//h2[normalize-space()='CredKart']\")\n\nTestCases\\test_Login_params.py:13: \n_ _ _ _ _ _ _ _ _ _ _ _ _ _ _ _ _ _ _ _ _ _ _ _ _ _ _ _ _ _ _ _ _ _ _ _ _ _ _ _\nC:\\Users\\nomul\\AppData\\Local\\Programs\\Python\\Python311\\Lib\\site-packages\\selenium\\webdriver\\remote\\webdriver.py:739: in find_element\n    return self.execute(Command.FIND_ELEMENT, {\"using\": by, \"value\": value})[\"value\"]\nC:\\Users\\nomul\\AppData\\Local\\Programs\\Python\\Python311\\Lib\\site-packages\\selenium\\webdriver\\remote\\webdriver.py:345: in execute\n    self.error_handler.check_response(response)\n_ _ _ _ _ _ _ _ _ _ _ _ _ _ _ _ _ _ _ _ _ _ _ _ _ _ _ _ _ _ _ _ _ _ _ _ _ _ _ _\n\nself = <selenium.webdriver.remote.errorhandler.ErrorHandler object at 0x00000277904EFF90>\nresponse = {'status': 404, 'value': '{\"value\":{\"error\":\"no such element\",\"message\":\"no such element: Unable to locate element: {\\...07FF6E56F4C33]\\\\n\\\\tBaseThreadInitThunk [0x00007FFBFE827614+20]\\\\n\\\\tRtlUserThreadStart [0x00007FFBFF3626B1+33]\\\\n\"}}'}\n\n    def check_response(self, response: Dict[str, Any]) -> None:\n        \"\"\"Checks that a JSON response from the WebDriver does not have an\n        error.\n    \n        :Args:\n         - response - The JSON response from the WebDriver server as a dictionary\n           object.\n    \n        :Raises: If the response contains an error message.\n        \"\"\"\n        status = response.get(\"status\", None)\n        if not status or status == ErrorCode.SUCCESS:\n            return\n        value = None\n        message = response.get(\"message\", \"\")\n        screen: str = response.get(\"screen\", \"\")\n        stacktrace = None\n        if isinstance(status, int):\n            value_json = response.get(\"value\", None)\n            if value_json and isinstance(value_json, str):\n                import json\n    \n                try:\n                    value = json.loads(value_json)\n                    if len(value) == 1:\n                        value = value[\"value\"]\n                    status = value.get(\"error\", None)\n                    if not status:\n                        status = value.get(\"status\", ErrorCode.UNKNOWN_ERROR)\n                        message = value.get(\"value\") or value.get(\"message\")\n                        if not isinstance(message, str):\n                            value = message\n                            message = message.get(\"message\")\n                    else:\n                        message = value.get(\"message\", None)\n                except ValueError:\n                    pass\n    \n        exception_class: Type[WebDriverException]\n        e = ErrorCode()\n        error_codes = [item for item in dir(e) if not item.startswith(\"__\")]\n        for error_code in error_codes:\n            error_info = getattr(ErrorCode, error_code)\n            if isinstance(error_info, list) and status in error_info:\n                exception_class = getattr(ExceptionMapping, error_code, WebDriverException)\n                break\n        else:\n            exception_class = WebDriverException\n    \n        if not value:\n            value = response[\"value\"]\n        if isinstance(value, str):\n            raise exception_class(value)\n        if message == \"\" and \"message\" in value:\n            message = value[\"message\"]\n    \n        screen = None  # type: ignore[assignment]\n        if \"screen\" in value:\n            screen = value[\"screen\"]\n    \n        stacktrace = None\n        st_value = value.get(\"stackTrace\") or value.get(\"stacktrace\")\n        if st_value:\n            if isinstance(st_value, str):\n                stacktrace = st_value.split(\"\\n\")\n            else:\n                stacktrace = []\n                try:\n                    for frame in st_value:\n                        line = frame.get(\"lineNumber\", \"\")\n                        file = frame.get(\"fileName\", \"<anonymous>\")\n                        if line:\n                            file = f\"{file}:{line}\"\n                        meth = frame.get(\"methodName\", \"<anonymous>\")\n                        if \"className\" in frame:\n                            meth = f\"{frame['className']}.{meth}\"\n                        msg = \"    at %s (%s)\"\n                        msg = msg % (meth, file)\n                        stacktrace.append(msg)\n                except TypeError:\n                    pass\n        if exception_class == UnexpectedAlertPresentException:\n            alert_text = None\n            if \"data\" in value:\n                alert_text = value[\"data\"].get(\"text\")\n            elif \"alert\" in value:\n                alert_text = value[\"alert\"].get(\"text\")\n            raise exception_class(message, screen, stacktrace, alert_text)  # type: ignore[call-arg]  # mypy is not smart enough here\n>       raise exception_class(message, screen, stacktrace)\nE       selenium.common.exceptions.NoSuchElementException: Message: no such element: Unable to locate element: {\"method\":\"xpath\",\"selector\":\"//h2[normalize-space()='CredKart']\"}\nE         (Session info: headless chrome=115.0.5790.171); For documentation on this error, please visit: https://www.selenium.dev/documentation/webdriver/troubleshooting/errors#no-such-element-exception\nE       Stacktrace:\nE       Backtrace:\nE       \tGetHandleVerifier [0x00007FF6E5784A62+57106]\nE       \t(No symbol) [0x00007FF6E56FCF52]\nE       \t(No symbol) [0x00007FF6E55CE2CB]\nE       \t(No symbol) [0x00007FF6E560786E]\nE       \t(No symbol) [0x00007FF6E560795C]\nE       \t(No symbol) [0x00007FF6E5640477]\nE       \t(No symbol) [0x00007FF6E56269FF]\nE       \t(No symbol) [0x00007FF6E563E522]\nE       \t(No symbol) [0x00007FF6E5626793]\nE       \t(No symbol) [0x00007FF6E55FCE81]\nE       \t(No symbol) [0x00007FF6E55FE064]\nE       \tGetHandleVerifier [0x00007FF6E5A34222+2873042]\nE       \tGetHandleVerifier [0x00007FF6E5A86590+3209792]\nE       \tGetHandleVerifier [0x00007FF6E5A7F3AF+3180639]\nE       \tGetHandleVerifier [0x00007FF6E5815F25+652245]\nE       \t(No symbol) [0x00007FF6E5708618]\nE       \t(No symbol) [0x00007FF6E57047C4]\nE       \t(No symbol) [0x00007FF6E57048BC]\nE       \t(No symbol) [0x00007FF6E56F4C33]\nE       \tBaseThreadInitThunk [0x00007FFBFE827614+20]\nE       \tRtlUserThreadStart [0x00007FFBFF3626B1+33]\n\nC:\\Users\\nomul\\AppData\\Local\\Programs\\Python\\Python311\\Lib\\site-packages\\selenium\\webdriver\\remote\\errorhandler.py:229: NoSuchElementException\n\nDuring handling of the above exception, another exception occurred:\n\nself = <TestCases.test_Login_params.Test_CredKart_Login_params object at 0x000002779192CDD0>\nsetup = <selenium.webdriver.chrome.webdriver.WebDriver (session=\"c3e000dcadc03969e2f39cfaae712d7c\")>\ndata_for_login = ('Credencetest@test.com', 'Credence@124')\n\n    def test_CredKart_Login_params_003(self, setup, data_for_login):\n        self.driver = setup\n        self.driver.get(\"https://automation.credence.in/login\")\n        self.driver.find_element(By.XPATH, \"//input[@name='email']\").send_keys(data_for_login[0])\n        self.driver.find_element(By.CSS_SELECTOR, \"input[id='password']\").send_keys(data_for_login[1])\n        self.driver.find_element(By.XPATH, \"//button[@type='submit']\").click()\n        try:\n            self.driver.find_element(By.XPATH, \"//h2[normalize-space()='CredKart']\")\n            self.driver.save_screenshot(\".\\\\Screenshots\\\\\" + data_for_login[0] + \"_\" + data_for_login[1] + \"_\" + \"test_CredKart_Login_002_Pass.PNG\")\n            print('Login TestCase is Passed')\n            self.driver.close()\n            assert True\n        except:\n            print('Login TestCase is Failed')\n            self.driver.save_screenshot(\".\\\\Screenshots\\\\\" + data_for_login[0] + \"_\" + data_for_login[1] + \"_\" + \"test_CredKart_Login_002_fail.PNG\")\n            self.driver.close()\n>           assert False\nE           assert False\n\nTestCases\\test_Login_params.py:22: AssertionError","flaky":false,"newFailed":false,"newBroken":false,"newPassed":false,"retriesCount":16,"retriesStatusChange":false,"beforeStages":[{"name":"browser","time":{"start":1691831851844,"stop":1691831851844,"duration":0},"status":"passed","steps":[],"attachments":[],"parameters":[],"shouldDisplayMessage":false,"attachmentsCount":0,"hasContent":false,"stepsCount":0},{"name":"setup","time":{"start":1691831851844,"stop":1691831862310,"duration":10466},"status":"passed","steps":[],"attachments":[],"parameters":[],"shouldDisplayMessage":false,"attachmentsCount":0,"hasContent":false,"stepsCount":0},{"name":"data_for_login","time":{"start":1691831862311,"stop":1691831862311,"duration":0},"status":"passed","steps":[],"attachments":[],"parameters":[],"shouldDisplayMessage":false,"attachmentsCount":0,"hasContent":false,"stepsCount":0}],"afterStages":[],"labels":[{"name":"parentSuite","value":"TestCases"},{"name":"suite","value":"test_Login_params"},{"name":"subSuite","value":"Test_CredKart_Login_params"},{"name":"host","value":"LAPTOP-1DT8TVKR"},{"name":"thread","value":"15088-MainThread"},{"name":"framework","value":"pytest"},{"name":"language","value":"cpython3"},{"name":"package","value":"TestCases.test_Login_params"},{"name":"resultFormat","value":"allure2"}],"parameters":[{"name":"data_for_login","value":"('Credencetest@test.com', 'Credence@124')"}],"links":[],"hidden":false,"retry":false,"extra":{"severity":"normal","retries":[{"uid":"27f1ea1e9a7da073","status":"failed","statusDetails":"AssertionError: assert False","time":{"start":1691831589959,"stop":1691831596674,"duration":6715}},{"uid":"42abd71edb54eb17","status":"failed","statusDetails":"AssertionError: assert False","time":{"start":1691831377873,"stop":1691831385388,"duration":7515}},{"uid":"8c6374e41a5091d3","status":"failed","statusDetails":"AssertionError: assert False","time":{"start":1691830197009,"stop":1691830217007,"duration":19998}},{"uid":"f273881cd7446430","status":"failed","statusDetails":"AssertionError: assert False","time":{"start":1691829883244,"stop":1691829941302,"duration":58058}},{"uid":"168599e8623ed0a8","status":"failed","statusDetails":"AssertionError: assert False","time":{"start":1691829770299,"stop":1691829810003,"duration":39704}},{"uid":"c7bd06bd8737d5be","status":"failed","statusDetails":"AssertionError: assert False","time":{"start":1691829568584,"stop":1691829579044,"duration":10460}},{"uid":"dc326a52afe188ea","status":"failed","statusDetails":"AssertionError: assert False","time":{"start":1691828942618,"stop":1691828958179,"duration":15561}},{"uid":"e128ab996aeed1fa","status":"failed","statusDetails":"AssertionError: assert False","time":{"start":1691828747734,"stop":1691828761600,"duration":13866}},{"uid":"54d71fc034e6e007","status":"failed","statusDetails":"AssertionError: assert False","time":{"start":1691828008546,"stop":1691828015937,"duration":7391}},{"uid":"7abaabe8087caafc","status":"failed","statusDetails":"AssertionError: assert False","time":{"start":1691827782828,"stop":1691827792974,"duration":10146}},{"uid":"181834be053b6258","status":"failed","statusDetails":"AssertionError: assert False","time":{"start":1691827562714,"stop":1691827565244,"duration":2530}},{"uid":"d0795c378d2ca23b","status":"failed","statusDetails":"AssertionError: assert False","time":{"start":1691823393465,"stop":1691823401235,"duration":7770}},{"uid":"d3a4bc216be6522e","status":"failed","statusDetails":"AssertionError: assert False","time":{"start":1691821012017,"stop":1691821036743,"duration":24726}},{"uid":"f32599a6bcfc7c94","status":"failed","statusDetails":"AssertionError: assert False","time":{"start":1691820849366,"stop":1691820863877,"duration":14511}},{"uid":"fd142f8508065579","status":"failed","statusDetails":"AssertionError: assert False","time":{"start":1691816740813,"stop":1691816759122,"duration":18309}},{"uid":"6b86a68f4d418299","status":"failed","statusDetails":"AssertionError: assert False","time":{"start":1691816394535,"stop":1691816418384,"duration":23849}}],"categories":[{"name":"Product defects","matchedStatuses":[],"flaky":false}],"history":{"statistic":{"failed":3,"broken":0,"skipped":0,"passed":0,"unknown":0,"total":3},"items":[{"uid":"b296b2af5d718724","reportUrl":"http://localhost:8080/job/pytest_framework_2/2/allure/#testresult/b296b2af5d718724","status":"failed","statusDetails":"AssertionError: assert False","time":{"start":1691823393465,"stop":1691823401235,"duration":7770}},{"uid":"60f836aae3972f31","reportUrl":"http://localhost:8080/job/pytest_framework_2/1/allure/#testresult/60f836aae3972f31","status":"failed","statusDetails":"AssertionError: assert False","time":{"start":1691823393465,"stop":1691823401235,"duration":7770}}]},"tags":[]},"source":"daa72eae81d8410.json","parameterValues":["('Credencetest@test.com', 'Credence@124')"]}